<?xml version="1.0" encoding="UTF-8"?>
<coverage generated="1520789485817" clover="3.2.0">
  <project timestamp="1520789485818" name="All files">
    <metrics statements="51" coveredstatements="39" conditionals="10" coveredconditionals="5" methods="30" coveredmethods="16" elements="91" coveredelements="60" complexity="0" loc="51" ncloc="51" packages="11" files="11" classes="11">
      <package name="src.FE">
        <metrics statements="1" coveredstatements="1" conditionals="0" coveredconditionals="0" methods="0" coveredmethods="0"/>
        <file name="constants.js" path="D:\Обучение\Epam\FrontCamp2017\reactjs\src\FE\constants.js">
          <metrics statements="1" coveredstatements="1" conditionals="0" coveredconditionals="0" methods="0" coveredmethods="0"/>
          <line num="1" count="2" type="stmt"/>
        </file>
      </package>
      <package name="src.FE.actions">
        <metrics statements="6" coveredstatements="4" conditionals="0" coveredconditionals="0" methods="8" coveredmethods="2"/>
        <file name="index.js" path="D:\Обучение\Epam\FrontCamp2017\reactjs\src\FE\actions\index.js">
          <metrics statements="6" coveredstatements="4" conditionals="0" coveredconditionals="0" methods="8" coveredmethods="2"/>
          <line num="3" count="1" type="stmt"/>
          <line num="4" count="1" type="stmt"/>
          <line num="6" count="1" type="stmt"/>
          <line num="7" count="0" type="stmt"/>
          <line num="9" count="1" type="stmt"/>
          <line num="10" count="0" type="stmt"/>
        </file>
      </package>
      <package name="src.FE.components.header">
        <metrics statements="3" coveredstatements="3" conditionals="0" coveredconditionals="0" methods="2" coveredmethods="2"/>
        <file name="header.js" path="D:\Обучение\Epam\FrontCamp2017\reactjs\src\FE\components\header\header.js">
          <metrics statements="3" coveredstatements="3" conditionals="0" coveredconditionals="0" methods="2" coveredmethods="2"/>
          <line num="6" count="1" type="stmt"/>
          <line num="7" count="1" type="stmt"/>
          <line num="12" count="1" type="stmt"/>
        </file>
      </package>
      <package name="src.FE.components.menu">
        <metrics statements="5" coveredstatements="5" conditionals="0" coveredconditionals="0" methods="2" coveredmethods="2"/>
        <file name="menu.js" path="D:\Обучение\Epam\FrontCamp2017\reactjs\src\FE\components\menu\menu.js">
          <metrics statements="5" coveredstatements="5" conditionals="0" coveredconditionals="0" methods="2" coveredmethods="2"/>
          <line num="5" count="2" type="stmt"/>
          <line num="7" count="2" type="stmt"/>
          <line num="9" count="2" type="stmt"/>
          <line num="10" count="1" type="stmt"/>
          <line num="12" count="1" type="stmt"/>
        </file>
      </package>
      <package name="src.FE.components.message">
        <metrics statements="2" coveredstatements="2" conditionals="0" coveredconditionals="0" methods="1" coveredmethods="1"/>
        <file name="massage.js" path="D:\Обучение\Epam\FrontCamp2017\reactjs\src\FE\components\message\massage.js">
          <metrics statements="2" coveredstatements="2" conditionals="0" coveredconditionals="0" methods="1" coveredmethods="1"/>
          <line num="6" count="1" type="stmt"/>
          <line num="7" count="1" type="stmt"/>
        </file>
      </package>
      <package name="src.FE.components.post">
        <metrics statements="3" coveredstatements="3" conditionals="0" coveredconditionals="0" methods="2" coveredmethods="2"/>
        <file name="post.js" path="D:\Обучение\Epam\FrontCamp2017\reactjs\src\FE\components\post\post.js">
          <metrics statements="3" coveredstatements="3" conditionals="0" coveredconditionals="0" methods="2" coveredmethods="2"/>
          <line num="8" count="1" type="stmt"/>
          <line num="14" count="1" type="stmt"/>
          <line num="15" count="1" type="stmt"/>
        </file>
      </package>
      <package name="src.FE.components.postsList">
        <metrics statements="11" coveredstatements="8" conditionals="2" coveredconditionals="1" methods="9" coveredmethods="5"/>
        <file name="postsList.js" path="D:\Обучение\Epam\FrontCamp2017\reactjs\src\FE\components\postsList\postsList.js">
          <metrics statements="11" coveredstatements="8" conditionals="2" coveredconditionals="1" methods="9" coveredmethods="5"/>
          <line num="8" count="1" type="stmt"/>
          <line num="9" count="1" type="stmt"/>
          <line num="10" count="1" type="stmt"/>
          <line num="16" count="1" type="stmt"/>
          <line num="17" count="1" type="stmt"/>
          <line num="21" count="1" type="cond" truecount="1" falsecount="1"/>
          <line num="24" count="0" type="stmt"/>
          <line num="27" count="1" type="stmt"/>
          <line num="28" count="1" type="stmt"/>
          <line num="42" count="0" type="stmt"/>
          <line num="43" count="0" type="stmt"/>
        </file>
      </package>
      <package name="src.FE.components.sorting">
        <metrics statements="8" coveredstatements="2" conditionals="4" coveredconditionals="0" methods="4" coveredmethods="1"/>
        <file name="sorting.js" path="D:\Обучение\Epam\FrontCamp2017\reactjs\src\FE\components\sorting\sorting.js">
          <metrics statements="8" coveredstatements="2" conditionals="4" coveredconditionals="0" methods="4" coveredmethods="1"/>
          <line num="4" count="2" type="stmt"/>
          <line num="5" count="0" type="stmt"/>
          <line num="7" count="0" type="stmt"/>
          <line num="8" count="0" type="cond" truecount="0" falsecount="2"/>
          <line num="9" count="0" type="cond" truecount="0" falsecount="2"/>
          <line num="10" count="0" type="stmt"/>
          <line num="12" count="0" type="stmt"/>
          <line num="15" count="2" type="stmt"/>
        </file>
      </package>
      <package name="src.FE.reducers">
        <metrics statements="6" coveredstatements="6" conditionals="4" coveredconditionals="4" methods="1" coveredmethods="1"/>
        <file name="posts.js" path="D:\Обучение\Epam\FrontCamp2017\reactjs\src\FE\reducers\posts.js">
          <metrics statements="6" coveredstatements="6" conditionals="4" coveredconditionals="4" methods="1" coveredmethods="1"/>
          <line num="3" count="1" type="stmt"/>
          <line num="7" count="1" type="cond" truecount="1" falsecount="0"/>
          <line num="8" count="3" type="cond" truecount="3" falsecount="0"/>
          <line num="9" count="1" type="stmt"/>
          <line num="10" count="1" type="stmt"/>
          <line num="11" count="1" type="stmt"/>
        </file>
      </package>
      <package name="src.configs">
        <metrics statements="0" coveredstatements="0" conditionals="0" coveredconditionals="0" methods="0" coveredmethods="0"/>
        <file name="config.js" path="D:\Обучение\Epam\FrontCamp2017\reactjs\src\configs\config.js">
          <metrics statements="0" coveredstatements="0" conditionals="0" coveredconditionals="0" methods="0" coveredmethods="0"/>
        </file>
      </package>
      <package name="test">
        <metrics statements="6" coveredstatements="5" conditionals="0" coveredconditionals="0" methods="1" coveredmethods="0"/>
        <file name="jestsetup.js" path="D:\Обучение\Epam\FrontCamp2017\reactjs\test\jestsetup.js">
          <metrics statements="6" coveredstatements="5" conditionals="0" coveredconditionals="0" methods="1" coveredmethods="0"/>
          <line num="4" count="8" type="stmt"/>
          <line num="6" count="8" type="stmt"/>
          <line num="7" count="8" type="stmt"/>
          <line num="8" count="8" type="stmt"/>
          <line num="10" count="8" type="stmt"/>
          <line num="11" count="0" type="stmt"/>
        </file>
      </package>
    </metrics>
  </project>
</coverage>
