{"D:\\Обучение\\Epam\\FrontCamp2017\\reactjs\\src\\FE\\constants.js": {"path":"D:\\Обучение\\Epam\\FrontCamp2017\\reactjs\\src\\FE\\constants.js","statementMap":{"0":{"start":{"line":1,"column":20},"end":{"line":1,"column":33}},"1":{"start":{"line":1,"column":47},"end":{"line":1,"column":58}}},"fnMap":{},"branchMap":{},"s":{"0":2,"1":2},"f":{},"b":{},"_coverageSchema":"332fd63041d2c1bcb487cc26dd0d5f7d97098a6c","hash":"ed607365c55d6be2edd37477b6f8dabdcee8e9b8"}
,"D:\\Обучение\\Epam\\FrontCamp2017\\reactjs\\src\\FE\\actions\\index.js": {"path":"D:\\Обучение\\Epam\\FrontCamp2017\\reactjs\\src\\FE\\actions\\index.js","statementMap":{"0":{"start":{"line":3,"column":26},"end":{"line":3,"column":65}},"1":{"start":{"line":3,"column":36},"end":{"line":3,"column":64}},"2":{"start":{"line":4,"column":24},"end":{"line":4,"column":61}},"3":{"start":{"line":4,"column":34},"end":{"line":4,"column":60}},"4":{"start":{"line":6,"column":26},"end":{"line":7,"column":39}},"5":{"start":{"line":6,"column":41},"end":{"line":7,"column":39}},"6":{"start":{"line":6,"column":70},"end":{"line":7,"column":39}},"7":{"start":{"line":7,"column":14},"end":{"line":7,"column":38}},"8":{"start":{"line":9,"column":29},"end":{"line":10,"column":50}},"9":{"start":{"line":9,"column":36},"end":{"line":10,"column":50}},"10":{"start":{"line":9,"column":65},"end":{"line":10,"column":50}},"11":{"start":{"line":10,"column":17},"end":{"line":10,"column":49}}},"fnMap":{"0":{"name":"(anonymous_0)","decl":{"start":{"line":3,"column":26},"end":{"line":3,"column":27}},"loc":{"start":{"line":3,"column":36},"end":{"line":3,"column":64}},"line":3},"1":{"name":"(anonymous_1)","decl":{"start":{"line":4,"column":24},"end":{"line":4,"column":25}},"loc":{"start":{"line":4,"column":34},"end":{"line":4,"column":60}},"line":4},"2":{"name":"(anonymous_2)","decl":{"start":{"line":6,"column":26},"end":{"line":6,"column":27}},"loc":{"start":{"line":6,"column":41},"end":{"line":7,"column":39}},"line":6},"3":{"name":"(anonymous_3)","decl":{"start":{"line":6,"column":41},"end":{"line":6,"column":42}},"loc":{"start":{"line":6,"column":70},"end":{"line":7,"column":39}},"line":6},"4":{"name":"(anonymous_4)","decl":{"start":{"line":7,"column":8},"end":{"line":7,"column":9}},"loc":{"start":{"line":7,"column":14},"end":{"line":7,"column":38}},"line":7},"5":{"name":"(anonymous_5)","decl":{"start":{"line":9,"column":29},"end":{"line":9,"column":30}},"loc":{"start":{"line":9,"column":36},"end":{"line":10,"column":50}},"line":9},"6":{"name":"(anonymous_6)","decl":{"start":{"line":9,"column":36},"end":{"line":9,"column":37}},"loc":{"start":{"line":9,"column":65},"end":{"line":10,"column":50}},"line":9},"7":{"name":"(anonymous_7)","decl":{"start":{"line":10,"column":8},"end":{"line":10,"column":9}},"loc":{"start":{"line":10,"column":17},"end":{"line":10,"column":49}},"line":10}},"branchMap":{},"s":{"0":1,"1":1,"2":1,"3":1,"4":1,"5":0,"6":0,"7":0,"8":1,"9":0,"10":0,"11":0},"f":{"0":1,"1":1,"2":0,"3":0,"4":0,"5":0,"6":0,"7":0},"b":{},"_coverageSchema":"332fd63041d2c1bcb487cc26dd0d5f7d97098a6c","hash":"facc4af8309739600271366c86f227efa2e440ad"}
,"D:\\Обучение\\Epam\\FrontCamp2017\\reactjs\\src\\FE\\components\\addPost\\addPost.js": {"path":"D:\\Обучение\\Epam\\FrontCamp2017\\reactjs\\src\\FE\\components\\addPost\\addPost.js","statementMap":{"0":{"start":{"line":13,"column":4},"end":{"line":13,"column":17}},"1":{"start":{"line":14,"column":4},"end":{"line":18,"column":6}},"2":{"start":{"line":21,"column":24},"end":{"line":21,"column":73}},"3":{"start":{"line":24,"column":4},"end":{"line":24,"column":23}},"4":{"start":{"line":25,"column":17},"end":{"line":29,"column":5}},"5":{"start":{"line":30,"column":4},"end":{"line":30,"column":39}},"6":{"start":{"line":31,"column":4},"end":{"line":31,"column":23}},"7":{"start":{"line":35,"column":4},"end":{"line":35,"column":40}},"8":{"start":{"line":36,"column":4},"end":{"line":36,"column":66}},"9":{"start":{"line":36,"column":21},"end":{"line":36,"column":58}},"10":{"start":{"line":40,"column":4},"end":{"line":59,"column":5}}},"fnMap":{"0":{"name":"(anonymous_0)","decl":{"start":{"line":12,"column":2},"end":{"line":12,"column":3}},"loc":{"start":{"line":12,"column":21},"end":{"line":19,"column":3}},"line":12},"1":{"name":"(anonymous_1)","decl":{"start":{"line":21,"column":17},"end":{"line":21,"column":18}},"loc":{"start":{"line":21,"column":24},"end":{"line":21,"column":73}},"line":21},"2":{"name":"(anonymous_2)","decl":{"start":{"line":23,"column":17},"end":{"line":23,"column":18}},"loc":{"start":{"line":23,"column":24},"end":{"line":32,"column":3}},"line":23},"3":{"name":"(anonymous_3)","decl":{"start":{"line":34,"column":16},"end":{"line":34,"column":17}},"loc":{"start":{"line":34,"column":22},"end":{"line":37,"column":3}},"line":34},"4":{"name":"(anonymous_4)","decl":{"start":{"line":36,"column":15},"end":{"line":36,"column":16}},"loc":{"start":{"line":36,"column":21},"end":{"line":36,"column":58}},"line":36},"5":{"name":"(anonymous_5)","decl":{"start":{"line":39,"column":2},"end":{"line":39,"column":3}},"loc":{"start":{"line":39,"column":11},"end":{"line":60,"column":3}},"line":39}},"branchMap":{"0":{"loc":{"start":{"line":43,"column":9},"end":{"line":43,"column":52}},"type":"cond-expr","locations":[{"start":{"line":43,"column":34},"end":{"line":43,"column":45}},{"start":{"line":43,"column":48},"end":{"line":43,"column":52}}],"line":43}},"s":{"0":1,"1":1,"2":0,"3":0,"4":0,"5":0,"6":0,"7":0,"8":0,"9":0,"10":1},"f":{"0":1,"1":0,"2":0,"3":0,"4":0,"5":1},"b":{"0":[0,1]},"_coverageSchema":"332fd63041d2c1bcb487cc26dd0d5f7d97098a6c","hash":"eacd61017b425bc053a4b72f530c2545b0badfc1"}
,"D:\\Обучение\\Epam\\FrontCamp2017\\reactjs\\src\\FE\\components\\header\\header.js": {"path":"D:\\Обучение\\Epam\\FrontCamp2017\\reactjs\\src\\FE\\components\\header\\header.js","statementMap":{"0":{"start":{"line":6,"column":21},"end":{"line":10,"column":1}},"1":{"start":{"line":7,"column":2},"end":{"line":9,"column":11}},"2":{"start":{"line":12,"column":15},"end":{"line":12,"column":45}},"3":{"start":{"line":12,"column":26},"end":{"line":12,"column":45}}},"fnMap":{"0":{"name":"(anonymous_0)","decl":{"start":{"line":6,"column":21},"end":{"line":6,"column":22}},"loc":{"start":{"line":7,"column":2},"end":{"line":9,"column":11}},"line":7},"1":{"name":"(anonymous_1)","decl":{"start":{"line":12,"column":15},"end":{"line":12,"column":16}},"loc":{"start":{"line":12,"column":26},"end":{"line":12,"column":45}},"line":12}},"branchMap":{},"s":{"0":3,"1":1,"2":3,"3":1},"f":{"0":1,"1":1},"b":{},"_coverageSchema":"332fd63041d2c1bcb487cc26dd0d5f7d97098a6c","hash":"af2f2e2ad0e1cf030fdc8384028c76e440a503dd"}
,"D:\\Обучение\\Epam\\FrontCamp2017\\reactjs\\src\\FE\\components\\main\\main.js": {"path":"D:\\Обучение\\Epam\\FrontCamp2017\\reactjs\\src\\FE\\components\\main\\main.js","statementMap":{"0":{"start":{"line":8,"column":13},"end":{"line":17,"column":1}},"1":{"start":{"line":9,"column":2},"end":{"line":16,"column":19}}},"fnMap":{"0":{"name":"(anonymous_0)","decl":{"start":{"line":8,"column":13},"end":{"line":8,"column":14}},"loc":{"start":{"line":9,"column":2},"end":{"line":16,"column":19}},"line":9}},"branchMap":{},"s":{"0":1,"1":1},"f":{"0":1},"b":{},"_coverageSchema":"332fd63041d2c1bcb487cc26dd0d5f7d97098a6c","hash":"b3b9a7997f0833ff7dc147ef1a9c2e87cc291060"}
,"D:\\Обучение\\Epam\\FrontCamp2017\\reactjs\\src\\FE\\components\\menu\\menu.js": {"path":"D:\\Обучение\\Epam\\FrontCamp2017\\reactjs\\src\\FE\\components\\menu\\menu.js","statementMap":{"0":{"start":{"line":5,"column":14},"end":{"line":5,"column":44}},"1":{"start":{"line":7,"column":21},"end":{"line":7,"column":76}},"2":{"start":{"line":7,"column":27},"end":{"line":7,"column":76}},"3":{"start":{"line":9,"column":13},"end":{"line":19,"column":1}},"4":{"start":{"line":10,"column":19},"end":{"line":10,"column":33}},"5":{"start":{"line":12,"column":4},"end":{"line":18,"column":5}}},"fnMap":{"0":{"name":"(anonymous_0)","decl":{"start":{"line":7,"column":21},"end":{"line":7,"column":22}},"loc":{"start":{"line":7,"column":27},"end":{"line":7,"column":76}},"line":7},"1":{"name":"(anonymous_1)","decl":{"start":{"line":9,"column":13},"end":{"line":9,"column":14}},"loc":{"start":{"line":9,"column":24},"end":{"line":19,"column":1}},"line":9}},"branchMap":{},"s":{"0":4,"1":4,"2":1,"3":4,"4":1,"5":1},"f":{"0":1,"1":1},"b":{},"_coverageSchema":"332fd63041d2c1bcb487cc26dd0d5f7d97098a6c","hash":"38a415178ba92b867dbfd5170e55faef17f3d9b6"}
,"D:\\Обучение\\Epam\\FrontCamp2017\\reactjs\\src\\FE\\components\\message\\massage.js": {"path":"D:\\Обучение\\Epam\\FrontCamp2017\\reactjs\\src\\FE\\components\\message\\massage.js","statementMap":{"0":{"start":{"line":6,"column":16},"end":{"line":10,"column":1}},"1":{"start":{"line":7,"column":2},"end":{"line":9,"column":8}}},"fnMap":{"0":{"name":"(anonymous_0)","decl":{"start":{"line":6,"column":16},"end":{"line":6,"column":17}},"loc":{"start":{"line":7,"column":2},"end":{"line":9,"column":8}},"line":7}},"branchMap":{},"s":{"0":3,"1":1},"f":{"0":1},"b":{},"_coverageSchema":"332fd63041d2c1bcb487cc26dd0d5f7d97098a6c","hash":"ed353ab354e168eb03bb6be882ef11c9dd70447e"}
,"D:\\Обучение\\Epam\\FrontCamp2017\\reactjs\\src\\FE\\components\\post\\post.js": {"path":"D:\\Обучение\\Epam\\FrontCamp2017\\reactjs\\src\\FE\\components\\post\\post.js","statementMap":{"0":{"start":{"line":8,"column":4},"end":{"line":11,"column":10}},"1":{"start":{"line":14,"column":17},"end":{"line":14,"column":44}},"2":{"start":{"line":15,"column":4},"end":{"line":20,"column":5}}},"fnMap":{"0":{"name":"(anonymous_0)","decl":{"start":{"line":7,"column":15},"end":{"line":7,"column":16}},"loc":{"start":{"line":8,"column":4},"end":{"line":11,"column":10}},"line":8},"1":{"name":"(anonymous_1)","decl":{"start":{"line":13,"column":2},"end":{"line":13,"column":3}},"loc":{"start":{"line":13,"column":11},"end":{"line":21,"column":3}},"line":13}},"branchMap":{},"s":{"0":1,"1":1,"2":1},"f":{"0":1,"1":1},"b":{},"_coverageSchema":"332fd63041d2c1bcb487cc26dd0d5f7d97098a6c","hash":"f80391c8b3ea45d34e2e363115947f8f3bf5ea23"}
,"D:\\Обучение\\Epam\\FrontCamp2017\\reactjs\\src\\FE\\components\\postsList\\postsList.js": {"path":"D:\\Обучение\\Epam\\FrontCamp2017\\reactjs\\src\\FE\\components\\postsList\\postsList.js","statementMap":{"0":{"start":{"line":8,"column":20},"end":{"line":12,"column":1}},"1":{"start":{"line":9,"column":2},"end":{"line":11,"column":19}},"2":{"start":{"line":10,"column":24},"end":{"line":10,"column":59}},"3":{"start":{"line":16,"column":4},"end":{"line":16,"column":17}},"4":{"start":{"line":17,"column":4},"end":{"line":17,"column":39}},"5":{"start":{"line":21,"column":4},"end":{"line":21,"column":73}},"6":{"start":{"line":21,"column":26},"end":{"line":21,"column":73}},"7":{"start":{"line":24,"column":29},"end":{"line":24,"column":83}},"8":{"start":{"line":24,"column":59},"end":{"line":24,"column":81}},"9":{"start":{"line":27,"column":18},"end":{"line":27,"column":47}},"10":{"start":{"line":28,"column":4},"end":{"line":37,"column":5}},"11":{"start":{"line":42,"column":12},"end":{"line":42,"column":34}},"12":{"start":{"line":43,"column":15},"end":{"line":43,"column":32}}},"fnMap":{"0":{"name":"(anonymous_0)","decl":{"start":{"line":8,"column":20},"end":{"line":8,"column":21}},"loc":{"start":{"line":9,"column":2},"end":{"line":11,"column":19}},"line":9},"1":{"name":"(anonymous_1)","decl":{"start":{"line":10,"column":15},"end":{"line":10,"column":16}},"loc":{"start":{"line":10,"column":24},"end":{"line":10,"column":59}},"line":10},"2":{"name":"(anonymous_2)","decl":{"start":{"line":15,"column":2},"end":{"line":15,"column":3}},"loc":{"start":{"line":15,"column":21},"end":{"line":18,"column":3}},"line":15},"3":{"name":"(anonymous_3)","decl":{"start":{"line":20,"column":2},"end":{"line":20,"column":3}},"loc":{"start":{"line":20,"column":22},"end":{"line":22,"column":3}},"line":20},"4":{"name":"(anonymous_4)","decl":{"start":{"line":24,"column":14},"end":{"line":24,"column":15}},"loc":{"start":{"line":24,"column":29},"end":{"line":24,"column":83}},"line":24},"5":{"name":"(anonymous_5)","decl":{"start":{"line":24,"column":43},"end":{"line":24,"column":44}},"loc":{"start":{"line":24,"column":59},"end":{"line":24,"column":81}},"line":24},"6":{"name":"(anonymous_6)","decl":{"start":{"line":26,"column":2},"end":{"line":26,"column":3}},"loc":{"start":{"line":26,"column":11},"end":{"line":38,"column":3}},"line":26},"7":{"name":"(anonymous_7)","decl":{"start":{"line":42,"column":2},"end":{"line":42,"column":3}},"loc":{"start":{"line":42,"column":12},"end":{"line":42,"column":34}},"line":42},"8":{"name":"(anonymous_8)","decl":{"start":{"line":43,"column":2},"end":{"line":43,"column":3}},"loc":{"start":{"line":43,"column":15},"end":{"line":43,"column":32}},"line":43}},"branchMap":{"0":{"loc":{"start":{"line":21,"column":4},"end":{"line":21,"column":73}},"type":"if","locations":[{"start":{"line":21,"column":4},"end":{"line":21,"column":73}},{"start":{"line":21,"column":4},"end":{"line":21,"column":73}}],"line":21}},"s":{"0":2,"1":1,"2":1,"3":1,"4":1,"5":1,"6":0,"7":0,"8":0,"9":1,"10":1,"11":0,"12":0},"f":{"0":1,"1":1,"2":1,"3":1,"4":0,"5":0,"6":1,"7":0,"8":0},"b":{"0":[0,1]},"_coverageSchema":"332fd63041d2c1bcb487cc26dd0d5f7d97098a6c","hash":"c84d59022926bdf750901df30b4bfc07747535ba"}
,"D:\\Обучение\\Epam\\FrontCamp2017\\reactjs\\src\\FE\\components\\sorting\\sorting.js": {"path":"D:\\Обучение\\Epam\\FrontCamp2017\\reactjs\\src\\FE\\components\\sorting\\sorting.js","statementMap":{"0":{"start":{"line":4,"column":18},"end":{"line":13,"column":1}},"1":{"start":{"line":5,"column":17},"end":{"line":5,"column":33}},"2":{"start":{"line":7,"column":2},"end":{"line":11,"column":4}},"3":{"start":{"line":8,"column":4},"end":{"line":8,"column":38}},"4":{"start":{"line":8,"column":29},"end":{"line":8,"column":38}},"5":{"start":{"line":9,"column":4},"end":{"line":9,"column":39}},"6":{"start":{"line":9,"column":29},"end":{"line":9,"column":39}},"7":{"start":{"line":10,"column":4},"end":{"line":10,"column":13}},"8":{"start":{"line":12,"column":2},"end":{"line":12,"column":28}},"9":{"start":{"line":15,"column":16},"end":{"line":15,"column":117}},"10":{"start":{"line":15,"column":27},"end":{"line":15,"column":117}},"11":{"start":{"line":15,"column":50},"end":{"line":15,"column":66}}},"fnMap":{"0":{"name":"(anonymous_0)","decl":{"start":{"line":4,"column":18},"end":{"line":4,"column":19}},"loc":{"start":{"line":4,"column":29},"end":{"line":13,"column":1}},"line":4},"1":{"name":"(anonymous_1)","decl":{"start":{"line":7,"column":16},"end":{"line":7,"column":17}},"loc":{"start":{"line":7,"column":25},"end":{"line":11,"column":3}},"line":7},"2":{"name":"(anonymous_2)","decl":{"start":{"line":15,"column":16},"end":{"line":15,"column":17}},"loc":{"start":{"line":15,"column":27},"end":{"line":15,"column":117}},"line":15},"3":{"name":"(anonymous_3)","decl":{"start":{"line":15,"column":44},"end":{"line":15,"column":45}},"loc":{"start":{"line":15,"column":50},"end":{"line":15,"column":66}},"line":15}},"branchMap":{"0":{"loc":{"start":{"line":8,"column":4},"end":{"line":8,"column":38}},"type":"if","locations":[{"start":{"line":8,"column":4},"end":{"line":8,"column":38}},{"start":{"line":8,"column":4},"end":{"line":8,"column":38}}],"line":8},"1":{"loc":{"start":{"line":9,"column":4},"end":{"line":9,"column":39}},"type":"if","locations":[{"start":{"line":9,"column":4},"end":{"line":9,"column":39}},{"start":{"line":9,"column":4},"end":{"line":9,"column":39}}],"line":9}},"s":{"0":3,"1":0,"2":0,"3":0,"4":0,"5":0,"6":0,"7":0,"8":0,"9":3,"10":1,"11":0},"f":{"0":0,"1":0,"2":1,"3":0},"b":{"0":[0,0],"1":[0,0]},"_coverageSchema":"332fd63041d2c1bcb487cc26dd0d5f7d97098a6c","hash":"e6c3f47e3b8e2fd01393c9b680fbed7d3cdd8d90"}
,"D:\\Обучение\\Epam\\FrontCamp2017\\reactjs\\src\\FE\\reducers\\posts.js": {"path":"D:\\Обучение\\Epam\\FrontCamp2017\\reactjs\\src\\FE\\reducers\\posts.js","statementMap":{"0":{"start":{"line":3,"column":21},"end":{"line":5,"column":1}},"1":{"start":{"line":7,"column":14},"end":{"line":13,"column":1}},"2":{"start":{"line":8,"column":2},"end":{"line":12,"column":3}},"3":{"start":{"line":9,"column":22},"end":{"line":9,"column":63}},"4":{"start":{"line":10,"column":20},"end":{"line":10,"column":78}},"5":{"start":{"line":11,"column":11},"end":{"line":11,"column":24}}},"fnMap":{"0":{"name":"(anonymous_0)","decl":{"start":{"line":7,"column":14},"end":{"line":7,"column":15}},"loc":{"start":{"line":7,"column":48},"end":{"line":13,"column":1}},"line":7}},"branchMap":{"0":{"loc":{"start":{"line":7,"column":15},"end":{"line":7,"column":35}},"type":"default-arg","locations":[{"start":{"line":7,"column":23},"end":{"line":7,"column":35}}],"line":7},"1":{"loc":{"start":{"line":8,"column":2},"end":{"line":12,"column":3}},"type":"switch","locations":[{"start":{"line":9,"column":2},"end":{"line":9,"column":63}},{"start":{"line":10,"column":2},"end":{"line":10,"column":78}},{"start":{"line":11,"column":2},"end":{"line":11,"column":24}}],"line":8}},"s":{"0":1,"1":1,"2":3,"3":1,"4":1,"5":1},"f":{"0":3},"b":{"0":[1],"1":[1,1,1]},"_coverageSchema":"332fd63041d2c1bcb487cc26dd0d5f7d97098a6c","hash":"1bfb5c7bb1a7a8cf57279c5fe35460ad332a8914"}
,"D:\\Обучение\\Epam\\FrontCamp2017\\reactjs\\src\\api\\index.js": {"path":"D:\\Обучение\\Epam\\FrontCamp2017\\reactjs\\src\\api\\index.js","statementMap":{"0":{"start":{"line":3,"column":22},"end":{"line":3,"column":43}},"1":{"start":{"line":3,"column":29},"end":{"line":3,"column":43}},"2":{"start":{"line":4,"column":17},"end":{"line":4,"column":53}},"3":{"start":{"line":4,"column":32},"end":{"line":4,"column":53}}},"fnMap":{"0":{"name":"(anonymous_0)","decl":{"start":{"line":3,"column":22},"end":{"line":3,"column":23}},"loc":{"start":{"line":3,"column":29},"end":{"line":3,"column":43}},"line":3},"1":{"name":"(anonymous_1)","decl":{"start":{"line":4,"column":17},"end":{"line":4,"column":18}},"loc":{"start":{"line":4,"column":32},"end":{"line":4,"column":53}},"line":4}},"branchMap":{},"s":{"0":2,"1":0,"2":2,"3":0},"f":{"0":0,"1":0},"b":{},"_coverageSchema":"332fd63041d2c1bcb487cc26dd0d5f7d97098a6c","hash":"2f00dbe863e4f19f76f4ceaa038f595d0b1003c7"}
,"D:\\Обучение\\Epam\\FrontCamp2017\\reactjs\\src\\configs\\config.js": {"path":"D:\\Обучение\\Epam\\FrontCamp2017\\reactjs\\src\\configs\\config.js","statementMap":{},"fnMap":{},"branchMap":{},"s":{},"f":{},"b":{},"_coverageSchema":"332fd63041d2c1bcb487cc26dd0d5f7d97098a6c","hash":"a790645773d139c7bf2e5ad874eced946558ae04"}
,"D:\\Обучение\\Epam\\FrontCamp2017\\reactjs\\test\\jestsetup.js": {"path":"D:\\Обучение\\Epam\\FrontCamp2017\\reactjs\\test\\jestsetup.js","statementMap":{"0":{"start":{"line":4,"column":0},"end":{"line":4,"column":45}},"1":{"start":{"line":6,"column":0},"end":{"line":6,"column":25}},"2":{"start":{"line":7,"column":0},"end":{"line":7,"column":23}},"3":{"start":{"line":8,"column":0},"end":{"line":8,"column":21}},"4":{"start":{"line":10,"column":0},"end":{"line":12,"column":2}},"5":{"start":{"line":11,"column":2},"end":{"line":11,"column":27}}},"fnMap":{"0":{"name":"(anonymous_0)","decl":{"start":{"line":10,"column":16},"end":{"line":10,"column":17}},"loc":{"start":{"line":10,"column":27},"end":{"line":12,"column":1}},"line":10}},"branchMap":{},"s":{"0":10,"1":10,"2":10,"3":10,"4":10,"5":0},"f":{"0":0},"b":{},"_coverageSchema":"332fd63041d2c1bcb487cc26dd0d5f7d97098a6c","hash":"bbef76a13182e297ae24f15ab3be66a8749a1cb1"}
}
